# JRE version: Java(TM) SE Runtime Environment (9.0+181) (build 9+181)
# Java VM: Java HotSpot(TM) 64-Bit Server VM (9+181, mixed mode, tiered, compressed oops, g1 gc, windows-amd64)
Heap:
 garbage-first heap   total 98304K, used 44032K [0x00000000c0000000, 0x00000000c0100300, 0x0000000100000000)
  region size 1024K, 28 young (28672K), 7 survivors (7168K)
 Metaspace       used 30792K, capacity 31494K, committed 31744K, reserved 1077248K
  class space    used 3869K, capacity 4059K, committed 4096K, reserved 1048576K
GC Heap History (10 events):
Event: 2.606 GC heap before
{Heap before GC invocations=1 (full 0):
 garbage-first heap   total 98304K, used 17903K [0x00000000c0000000, 0x00000000c0100300, 0x0000000100000000)
  region size 1024K, 12 young (12288K), 2 survivors (2048K)
 Metaspace       used 10181K, capacity 10498K, committed 10624K, reserved 1058816K
  class space    used 1072K, capacity 1135K, committed 1152K, reserved 1048576K
}
Event: 2.618 GC heap after
{Heap after GC invocations=2 (full 0):
 garbage-first heap   total 98304K, used 9340K [0x00000000c0000000, 0x00000000c0100300, 0x0000000100000000)
  region size 1024K, 2 young (2048K), 2 survivors (2048K)
 Metaspace       used 10181K, capacity 10498K, committed 10624K, reserved 1058816K
  class space    used 1072K, capacity 1135K, committed 1152K, reserved 1048576K
}
Event: 4.409 GC heap before
{Heap before GC invocations=2 (full 0):
 garbage-first heap   total 98304K, used 42108K [0x00000000c0000000, 0x00000000c0100300, 0x0000000100000000)
  region size 1024K, 33 young (33792K), 2 survivors (2048K)
 Metaspace       used 11649K, capacity 11990K, committed 12160K, reserved 1060864K
  class space    used 1272K, capacity 1353K, committed 1408K, reserved 1048576K
}
Event: 4.422 GC heap after
{Heap after GC invocations=3 (full 0):
 garbage-first heap   total 98304K, used 13267K [0x00000000c0000000, 0x00000000c0100300, 0x0000000100000000)
  region size 1024K, 5 young (5120K), 5 survivors (5120K)
 Metaspace       used 11649K, capacity 11990K, committed 12160K, reserved 1060864K
  class space    used 1272K, capacity 1353K, committed 1408K, reserved 1048576K
}
Event: 9.449 GC heap before
{Heap before GC invocations=3 (full 0):
 garbage-first heap   total 98304K, used 63443K [0x00000000c0000000, 0x00000000c0100300, 0x0000000100000000)
  region size 1024K, 54 young (55296K), 5 survivors (5120K)
 Metaspace       used 18951K, capacity 19582K, committed 19712K, reserved 1067008K
  class space    used 2373K, capacity 2520K, committed 2560K, reserved 1048576K
}
Event: 9.480 GC heap after
{Heap after GC invocations=4 (full 0):
 garbage-first heap   total 98304K, used 19397K [0x00000000c0000000, 0x00000000c0100300, 0x0000000100000000)
  region size 1024K, 7 young (7168K), 7 survivors (7168K)
 Metaspace       used 18951K, capacity 19582K, committed 19712K, reserved 1067008K
  class space    used 2373K, capacity 2520K, committed 2560K, reserved 1048576K
}
Event: 10.318 GC heap before
{Heap before GC invocations=4 (full 0):
 garbage-first heap   total 98304K, used 36805K [0x00000000c0000000, 0x00000000c0100300, 0x0000000100000000)
  region size 1024K, 25 young (25600K), 7 survivors (7168K)
 Metaspace       used 20670K, capacity 21182K, committed 21248K, reserved 1067008K
  class space    used 2656K, capacity 2776K, committed 2816K, reserved 1048576K
}
Event: 10.330 GC heap after
{Heap after GC invocations=5 (full 0):
 garbage-first heap   total 98304K, used 17450K [0x00000000c0000000, 0x00000000c0100300, 0x0000000100000000)
  region size 1024K, 3 young (3072K), 3 survivors (3072K)
 Metaspace       used 20670K, capacity 21182K, committed 21248K, reserved 1067008K
  class space    used 2656K, capacity 2776K, committed 2816K, reserved 1048576K
}
Event: 14.174 GC heap before
{Heap before GC invocations=6 (full 0):
 garbage-first heap   total 98304K, used 65578K [0x00000000c0000000, 0x00000000c0100300, 0x0000000100000000)
  region size 1024K, 50 young (51200K), 3 survivors (3072K)
 Metaspace       used 29333K, capacity 29984K, committed 30208K, reserved 1075200K
  class space    used 3658K, capacity 3834K, committed 3840K, reserved 1048576K
}
Event: 14.197 GC heap after
{Heap after GC invocations=7 (full 0):
 garbage-first heap   total 98304K, used 23552K [0x00000000c0000000, 0x00000000c0100300, 0x0000000100000000)
  region size 1024K, 7 young (7168K), 7 survivors (7168K)
 Metaspace       used 29333K, capacity 29984K, committed 30208K, reserved 1075200K
  class space    used 3658K, capacity 3834K, committed 3840K, reserved 1048576K
}

